D:\FCIS\4TH YEAR\SECOND TERM\DISTRIBUTED COMPUTING\PROJECT\PARALLEL-FRACTAL-MANDELBROT-SET-VISUALIZATION\FRACTAL MANDELBROT SET\FRACTAL MANDELBROT SET\DEBUG\MAIN.OBJ
D:\FCIS\4TH YEAR\SECOND TERM\DISTRIBUTED COMPUTING\PROJECT\PARALLEL-FRACTAL-MANDELBROT-SET-VISUALIZATION\FRACTAL MANDELBROT SET\FRACTAL MANDELBROT SET\DEBUG\VC110.PDB
D:\FCIS\4TH YEAR\SECOND TERM\DISTRIBUTED COMPUTING\PROJECT\PARALLEL-FRACTAL-MANDELBROT-SET-VISUALIZATION\FRACTAL MANDELBROT SET\DEBUG\FRACTAL MANDELBROT SET.ILK
D:\FCIS\4TH YEAR\SECOND TERM\DISTRIBUTED COMPUTING\PROJECT\PARALLEL-FRACTAL-MANDELBROT-SET-VISUALIZATION\FRACTAL MANDELBROT SET\DEBUG\FRACTAL MANDELBROT SET.EXE
D:\FCIS\4TH YEAR\SECOND TERM\DISTRIBUTED COMPUTING\PROJECT\PARALLEL-FRACTAL-MANDELBROT-SET-VISUALIZATION\FRACTAL MANDELBROT SET\DEBUG\FRACTAL MANDELBROT SET.PDB
D:\FCIS\4th year\Second Term\Distributed Computing\Project\Parallel-Fractal-Mandelbrot-Set-Visualization\Fractal Mandelbrot set\Fractal Mandelbrot set\Debug\main.obj
D:\FCIS\4th year\Second Term\Distributed Computing\Project\Parallel-Fractal-Mandelbrot-Set-Visualization\Fractal Mandelbrot set\Fractal Mandelbrot set\Debug\cl.command.1.tlog
D:\FCIS\4th year\Second Term\Distributed Computing\Project\Parallel-Fractal-Mandelbrot-Set-Visualization\Fractal Mandelbrot set\Fractal Mandelbrot set\Debug\CL.read.1.tlog
D:\FCIS\4th year\Second Term\Distributed Computing\Project\Parallel-Fractal-Mandelbrot-Set-Visualization\Fractal Mandelbrot set\Fractal Mandelbrot set\Debug\CL.write.1.tlog
D:\FCIS\4th year\Second Term\Distributed Computing\Project\Parallel-Fractal-Mandelbrot-Set-Visualization\Fractal Mandelbrot set\Fractal Mandelbrot set\Debug\link-cvtres.read.1.tlog
D:\FCIS\4th year\Second Term\Distributed Computing\Project\Parallel-Fractal-Mandelbrot-Set-Visualization\Fractal Mandelbrot set\Fractal Mandelbrot set\Debug\link-cvtres.write.1.tlog
D:\FCIS\4th year\Second Term\Distributed Computing\Project\Parallel-Fractal-Mandelbrot-Set-Visualization\Fractal Mandelbrot set\Fractal Mandelbrot set\Debug\link-rc.read.1.tlog
D:\FCIS\4th year\Second Term\Distributed Computing\Project\Parallel-Fractal-Mandelbrot-Set-Visualization\Fractal Mandelbrot set\Fractal Mandelbrot set\Debug\link-rc.write.1.tlog
D:\FCIS\4th year\Second Term\Distributed Computing\Project\Parallel-Fractal-Mandelbrot-Set-Visualization\Fractal Mandelbrot set\Fractal Mandelbrot set\Debug\link.5252-cvtres.read.1.tlog
D:\FCIS\4th year\Second Term\Distributed Computing\Project\Parallel-Fractal-Mandelbrot-Set-Visualization\Fractal Mandelbrot set\Fractal Mandelbrot set\Debug\link.5252-cvtres.write.1.tlog
D:\FCIS\4th year\Second Term\Distributed Computing\Project\Parallel-Fractal-Mandelbrot-Set-Visualization\Fractal Mandelbrot set\Fractal Mandelbrot set\Debug\link.5252-rc.read.1.tlog
D:\FCIS\4th year\Second Term\Distributed Computing\Project\Parallel-Fractal-Mandelbrot-Set-Visualization\Fractal Mandelbrot set\Fractal Mandelbrot set\Debug\link.5252-rc.write.1.tlog
D:\FCIS\4th year\Second Term\Distributed Computing\Project\Parallel-Fractal-Mandelbrot-Set-Visualization\Fractal Mandelbrot set\Fractal Mandelbrot set\Debug\link.5252.read.1.tlog
D:\FCIS\4th year\Second Term\Distributed Computing\Project\Parallel-Fractal-Mandelbrot-Set-Visualization\Fractal Mandelbrot set\Fractal Mandelbrot set\Debug\link.5252.write.1.tlog
D:\FCIS\4th year\Second Term\Distributed Computing\Project\Parallel-Fractal-Mandelbrot-Set-Visualization\Fractal Mandelbrot set\Fractal Mandelbrot set\Debug\link.9068-cvtres.read.1.tlog
D:\FCIS\4th year\Second Term\Distributed Computing\Project\Parallel-Fractal-Mandelbrot-Set-Visualization\Fractal Mandelbrot set\Fractal Mandelbrot set\Debug\link.9068-cvtres.write.1.tlog
D:\FCIS\4th year\Second Term\Distributed Computing\Project\Parallel-Fractal-Mandelbrot-Set-Visualization\Fractal Mandelbrot set\Fractal Mandelbrot set\Debug\link.9068-rc.read.1.tlog
D:\FCIS\4th year\Second Term\Distributed Computing\Project\Parallel-Fractal-Mandelbrot-Set-Visualization\Fractal Mandelbrot set\Fractal Mandelbrot set\Debug\link.9068-rc.write.1.tlog
D:\FCIS\4th year\Second Term\Distributed Computing\Project\Parallel-Fractal-Mandelbrot-Set-Visualization\Fractal Mandelbrot set\Fractal Mandelbrot set\Debug\link.9068.read.1.tlog
D:\FCIS\4th year\Second Term\Distributed Computing\Project\Parallel-Fractal-Mandelbrot-Set-Visualization\Fractal Mandelbrot set\Fractal Mandelbrot set\Debug\link.9068.write.1.tlog
D:\FCIS\4th year\Second Term\Distributed Computing\Project\Parallel-Fractal-Mandelbrot-Set-Visualization\Fractal Mandelbrot set\Fractal Mandelbrot set\Debug\link.command.1.tlog
D:\FCIS\4th year\Second Term\Distributed Computing\Project\Parallel-Fractal-Mandelbrot-Set-Visualization\Fractal Mandelbrot set\Fractal Mandelbrot set\Debug\link.read.1.tlog
D:\FCIS\4th year\Second Term\Distributed Computing\Project\Parallel-Fractal-Mandelbrot-Set-Visualization\Fractal Mandelbrot set\Fractal Mandelbrot set\Debug\link.write.1.tlog
D:\FCIS\4th year\Second Term\Distributed Computing\Project\Parallel-Fractal-Mandelbrot-Set-Visualization\Fractal Mandelbrot set\Fractal Mandelbrot set\Debug\vc110.idb
D:\FCIS\4th year\Second Term\Distributed Computing\Project\Parallel-Fractal-Mandelbrot-Set-Visualization\Fractal Mandelbrot set\Fractal Mandelbrot set\Debug\vc110.pdb
D:\FCIS\4th year\Second Term\Distributed Computing\Project\Parallel-Fractal-Mandelbrot-Set-Visualization\Fractal Mandelbrot set\Debug\Fractal Mandelbrot set.pdb
D:\FCIS\4th year\Second Term\Distributed Computing\Project\Parallel-Fractal-Mandelbrot-Set-Visualization\Fractal Mandelbrot set\Debug\Fractal Mandelbrot set.exe
D:\FCIS\4th year\Second Term\Distributed Computing\Project\Parallel-Fractal-Mandelbrot-Set-Visualization\Fractal Mandelbrot set\Debug\Fractal Mandelbrot set.ilk
